{"/Users/chenley/Documents/Study/open-source/snap-tweet-be/src/config/db.ts": {"path":"/Users/chenley/Documents/Study/open-source/snap-tweet-be/src/config/db.ts","statementMap":{"0":{"start":{"line":1,"column":0},"end":{"line":1,"column":32}},"1":{"start":{"line":3,"column":20},"end":{"line":3,"column":47}},"2":{"start":{"line":4,"column":0},"end":{"line":8,"column":2}},"3":{"start":{"line":10,"column":0},"end":{"line":12,"column":1}},"4":{"start":{"line":11,"column":2},"end":{"line":11,"column":72}},"5":{"start":{"line":14,"column":14},"end":{"line":14,"column":37}},"6":{"start":{"line":16,"column":0},"end":{"line":18,"column":1}},"7":{"start":{"line":17,"column":2},"end":{"line":17,"column":68}},"8":{"start":{"line":21,"column":2},"end":{"line":21,"column":38}},"9":{"start":{"line":21,"column":19},"end":{"line":21,"column":38}},"10":{"start":{"line":23,"column":2},"end":{"line":29,"column":3}},"11":{"start":{"line":24,"column":4},"end":{"line":28,"column":22}},"12":{"start":{"line":28,"column":19},"end":{"line":28,"column":20}},"13":{"start":{"line":31,"column":2},"end":{"line":31,"column":37}},"14":{"start":{"line":32,"column":2},"end":{"line":32,"column":21}},"15":{"start":{"line":35,"column":0},"end":{"line":35,"column":25}}},"fnMap":{"0":{"name":"dbConnect","decl":{"start":{"line":20,"column":15},"end":{"line":20,"column":24}},"loc":{"start":{"line":20,"column":24},"end":{"line":33,"column":1}}},"1":{"name":"(anonymous_2)","decl":{"start":{"line":28,"column":12},"end":{"line":28,"column":13}},"loc":{"start":{"line":28,"column":19},"end":{"line":28,"column":20}}}},"branchMap":{"0":{"loc":{"start":{"line":3,"column":20},"end":{"line":3,"column":47}},"type":"binary-expr","locations":[{"start":{"line":3,"column":20},"end":{"line":3,"column":41}},{"start":{"line":3,"column":45},"end":{"line":3,"column":47}}]},"1":{"loc":{"start":{"line":10,"column":0},"end":{"line":12,"column":1}},"type":"if","locations":[{"start":{"line":10,"column":0},"end":{"line":12,"column":1}}]},"2":{"loc":{"start":{"line":16,"column":0},"end":{"line":18,"column":1}},"type":"if","locations":[{"start":{"line":16,"column":0},"end":{"line":18,"column":1}}]},"3":{"loc":{"start":{"line":21,"column":2},"end":{"line":21,"column":38}},"type":"if","locations":[{"start":{"line":21,"column":2},"end":{"line":21,"column":38}}]},"4":{"loc":{"start":{"line":23,"column":2},"end":{"line":29,"column":3}},"type":"if","locations":[{"start":{"line":23,"column":2},"end":{"line":29,"column":3}}]}},"s":{"0":4,"1":4,"2":4,"3":4,"4":0,"5":4,"6":4,"7":4,"8":3,"9":0,"10":3,"11":3,"12":1,"13":3,"14":1,"15":4},"f":{"0":3,"1":1},"b":{"0":[4,0],"1":[0],"2":[4],"3":[0],"4":[3]}}
,"/Users/chenley/Documents/Study/open-source/snap-tweet-be/src/config/testDB.ts": {"path":"/Users/chenley/Documents/Study/open-source/snap-tweet-be/src/config/testDB.ts","statementMap":{"0":{"start":{"line":1,"column":0},"end":{"line":1,"column":58}},"1":{"start":{"line":2,"column":0},"end":{"line":2,"column":32}},"2":{"start":{"line":6,"column":29},"end":{"line":28,"column":1}},"3":{"start":{"line":7,"column":2},"end":{"line":27,"column":3}},"4":{"start":{"line":9,"column":4},"end":{"line":9,"column":39}},"5":{"start":{"line":11,"column":4},"end":{"line":13,"column":5}},"6":{"start":{"line":12,"column":6},"end":{"line":12,"column":53}},"7":{"start":{"line":15,"column":21},"end":{"line":15,"column":41}},"8":{"start":{"line":17,"column":4},"end":{"line":23,"column":5}},"9":{"start":{"line":18,"column":6},"end":{"line":21,"column":36}},"10":{"start":{"line":22,"column":6},"end":{"line":22,"column":56}},"11":{"start":{"line":25,"column":4},"end":{"line":25,"column":57}},"12":{"start":{"line":26,"column":4},"end":{"line":26,"column":16}},"13":{"start":{"line":6,"column":13},"end":{"line":6,"column":29}},"14":{"start":{"line":30,"column":27},"end":{"line":42,"column":1}},"15":{"start":{"line":31,"column":2},"end":{"line":41,"column":3}},"16":{"start":{"line":32,"column":4},"end":{"line":37,"column":5}},"17":{"start":{"line":33,"column":6},"end":{"line":33,"column":47}},"18":{"start":{"line":34,"column":6},"end":{"line":34,"column":40}},"19":{"start":{"line":35,"column":6},"end":{"line":35,"column":31}},"20":{"start":{"line":36,"column":6},"end":{"line":36,"column":61}},"21":{"start":{"line":39,"column":4},"end":{"line":39,"column":65}},"22":{"start":{"line":40,"column":4},"end":{"line":40,"column":16}},"23":{"start":{"line":30,"column":13},"end":{"line":30,"column":27}}},"fnMap":{"0":{"name":"(anonymous_1)","decl":{"start":{"line":6,"column":29},"end":{"line":6,"column":34}},"loc":{"start":{"line":6,"column":55},"end":{"line":28,"column":1}}},"1":{"name":"(anonymous_2)","decl":{"start":{"line":30,"column":27},"end":{"line":30,"column":32}},"loc":{"start":{"line":30,"column":53},"end":{"line":42,"column":1}}}},"branchMap":{"0":{"loc":{"start":{"line":11,"column":4},"end":{"line":13,"column":5}},"type":"if","locations":[{"start":{"line":11,"column":4},"end":{"line":13,"column":5}}]},"1":{"loc":{"start":{"line":17,"column":4},"end":{"line":23,"column":5}},"type":"if","locations":[{"start":{"line":17,"column":4},"end":{"line":23,"column":5}}]},"2":{"loc":{"start":{"line":32,"column":4},"end":{"line":37,"column":5}},"type":"if","locations":[{"start":{"line":32,"column":4},"end":{"line":37,"column":5}}]}},"s":{"0":1,"1":1,"2":1,"3":1,"4":1,"5":1,"6":1,"7":1,"8":1,"9":0,"10":0,"11":0,"12":0,"13":1,"14":1,"15":1,"16":1,"17":1,"18":1,"19":1,"20":1,"21":0,"22":0,"23":1},"f":{"0":1,"1":1},"b":{"0":[1],"1":[0],"2":[1]}}
,"/Users/chenley/Documents/Study/open-source/snap-tweet-be/src/controllers/authController.ts": {"path":"/Users/chenley/Documents/Study/open-source/snap-tweet-be/src/controllers/authController.ts","statementMap":{"0":{"start":{"line":1,"column":0},"end":{"line":1,"column":30}},"1":{"start":{"line":3,"column":0},"end":{"line":3,"column":31}},"2":{"start":{"line":4,"column":0},"end":{"line":4,"column":34}},"3":{"start":{"line":25,"column":22},"end":{"line":31,"column":1}},"4":{"start":{"line":26,"column":2},"end":{"line":30,"column":4}},"5":{"start":{"line":34,"column":22},"end":{"line":61,"column":1}},"6":{"start":{"line":38,"column":2},"end":{"line":60,"column":3}},"7":{"start":{"line":39,"column":42},"end":{"line":39,"column":50}},"8":{"start":{"line":42,"column":25},"end":{"line":42,"column":54}},"9":{"start":{"line":43,"column":4},"end":{"line":46,"column":5}},"10":{"start":{"line":44,"column":6},"end":{"line":44,"column":62}},"11":{"start":{"line":45,"column":6},"end":{"line":45,"column":13}},"12":{"start":{"line":49,"column":27},"end":{"line":49,"column":58}},"13":{"start":{"line":50,"column":20},"end":{"line":54,"column":6}},"14":{"start":{"line":56,"column":18},"end":{"line":56,"column":40}},"15":{"start":{"line":57,"column":4},"end":{"line":57,"column":36}},"16":{"start":{"line":59,"column":4},"end":{"line":59,"column":61}},"17":{"start":{"line":34,"column":13},"end":{"line":34,"column":22}},"18":{"start":{"line":64,"column":21},"end":{"line":89,"column":1}},"19":{"start":{"line":68,"column":2},"end":{"line":88,"column":3}},"20":{"start":{"line":69,"column":32},"end":{"line":69,"column":40}},"21":{"start":{"line":71,"column":17},"end":{"line":71,"column":46}},"22":{"start":{"line":73,"column":4},"end":{"line":76,"column":5}},"23":{"start":{"line":74,"column":6},"end":{"line":74,"column":61}},"24":{"start":{"line":75,"column":6},"end":{"line":75,"column":13}},"25":{"start":{"line":78,"column":28},"end":{"line":78,"column":73}},"26":{"start":{"line":79,"column":4},"end":{"line":82,"column":5}},"27":{"start":{"line":80,"column":6},"end":{"line":80,"column":61}},"28":{"start":{"line":81,"column":6},"end":{"line":81,"column":13}},"29":{"start":{"line":84,"column":18},"end":{"line":84,"column":37}},"30":{"start":{"line":85,"column":4},"end":{"line":85,"column":24}},"31":{"start":{"line":87,"column":4},"end":{"line":87,"column":61}},"32":{"start":{"line":64,"column":13},"end":{"line":64,"column":21}},"33":{"start":{"line":92,"column":30},"end":{"line":106,"column":1}},"34":{"start":{"line":96,"column":2},"end":{"line":105,"column":3}},"35":{"start":{"line":97,"column":17},"end":{"line":97,"column":70}},"36":{"start":{"line":98,"column":4},"end":{"line":101,"column":5}},"37":{"start":{"line":99,"column":6},"end":{"line":99,"column":56}},"38":{"start":{"line":100,"column":6},"end":{"line":100,"column":13}},"39":{"start":{"line":102,"column":4},"end":{"line":102,"column":19}},"40":{"start":{"line":104,"column":4},"end":{"line":104,"column":61}},"41":{"start":{"line":92,"column":13},"end":{"line":92,"column":30}}},"fnMap":{"0":{"name":"(anonymous_1)","decl":{"start":{"line":25,"column":22},"end":{"line":25,"column":23}},"loc":{"start":{"line":25,"column":53},"end":{"line":31,"column":1}}},"1":{"name":"(anonymous_2)","decl":{"start":{"line":34,"column":22},"end":{"line":34,"column":27}},"loc":{"start":{"line":37,"column":19},"end":{"line":61,"column":1}}},"2":{"name":"(anonymous_3)","decl":{"start":{"line":64,"column":21},"end":{"line":64,"column":26}},"loc":{"start":{"line":67,"column":19},"end":{"line":89,"column":1}}},"3":{"name":"(anonymous_4)","decl":{"start":{"line":92,"column":30},"end":{"line":92,"column":35}},"loc":{"start":{"line":95,"column":19},"end":{"line":106,"column":1}}}},"branchMap":{"0":{"loc":{"start":{"line":28,"column":4},"end":{"line":28,"column":32}},"type":"binary-expr","locations":[{"start":{"line":28,"column":4},"end":{"line":28,"column":26}},{"start":{"line":28,"column":30},"end":{"line":28,"column":32}}]},"1":{"loc":{"start":{"line":43,"column":4},"end":{"line":46,"column":5}},"type":"if","locations":[{"start":{"line":43,"column":4},"end":{"line":46,"column":5}}]},"2":{"loc":{"start":{"line":73,"column":4},"end":{"line":76,"column":5}},"type":"if","locations":[{"start":{"line":73,"column":4},"end":{"line":76,"column":5}}]},"3":{"loc":{"start":{"line":79,"column":4},"end":{"line":82,"column":5}},"type":"if","locations":[{"start":{"line":79,"column":4},"end":{"line":82,"column":5}}]},"4":{"loc":{"start":{"line":97,"column":37},"end":{"line":97,"column":49}},"type":"cond-expr","locations":[{"start":{"line":97,"column":45},"end":{"line":97,"column":47}},{"start":{"line":97,"column":45},"end":{"line":97,"column":49}}]},"5":{"loc":{"start":{"line":97,"column":37},"end":{"line":97,"column":47}},"type":"binary-expr","locations":[{"start":{"line":97,"column":37},"end":{"line":97,"column":47}},{"start":{"line":97,"column":45},"end":{"line":97,"column":47}}]},"6":{"loc":{"start":{"line":98,"column":4},"end":{"line":101,"column":5}},"type":"if","locations":[{"start":{"line":98,"column":4},"end":{"line":101,"column":5}}]}},"s":{"0":3,"1":3,"2":3,"3":3,"4":0,"5":3,"6":0,"7":0,"8":0,"9":0,"10":0,"11":0,"12":0,"13":0,"14":0,"15":0,"16":0,"17":3,"18":3,"19":0,"20":0,"21":0,"22":0,"23":0,"24":0,"25":0,"26":0,"27":0,"28":0,"29":0,"30":0,"31":0,"32":3,"33":3,"34":0,"35":0,"36":0,"37":0,"38":0,"39":0,"40":0,"41":3},"f":{"0":0,"1":0,"2":0,"3":0},"b":{"0":[0,0],"1":[0],"2":[0],"3":[0],"4":[0,0],"5":[0,0],"6":[0]}}
,"/Users/chenley/Documents/Study/open-source/snap-tweet-be/src/controllers/tweetController.ts": {"path":"/Users/chenley/Documents/Study/open-source/snap-tweet-be/src/controllers/tweetController.ts","statementMap":{"0":{"start":{"line":2,"column":0},"end":{"line":2,"column":36}},"1":{"start":{"line":13,"column":27},"end":{"line":37,"column":1}},"2":{"start":{"line":17,"column":2},"end":{"line":36,"column":3}},"3":{"start":{"line":18,"column":4},"end":{"line":21,"column":5}},"4":{"start":{"line":19,"column":6},"end":{"line":19,"column":54}},"5":{"start":{"line":20,"column":6},"end":{"line":20,"column":13}},"6":{"start":{"line":23,"column":4},"end":{"line":26,"column":5}},"7":{"start":{"line":24,"column":6},"end":{"line":24,"column":61}},"8":{"start":{"line":25,"column":6},"end":{"line":25,"column":13}},"9":{"start":{"line":28,"column":18},"end":{"line":31,"column":6}},"10":{"start":{"line":33,"column":4},"end":{"line":33,"column":32}},"11":{"start":{"line":35,"column":4},"end":{"line":35,"column":61}},"12":{"start":{"line":13,"column":13},"end":{"line":13,"column":27}},"13":{"start":{"line":40,"column":25},"end":{"line":54,"column":1}},"14":{"start":{"line":44,"column":2},"end":{"line":53,"column":3}},"15":{"start":{"line":45,"column":19},"end":{"line":47,"column":30}},"16":{"start":{"line":48,"column":4},"end":{"line":48,"column":21}},"17":{"start":{"line":50,"column":4},"end":{"line":52,"column":7}},"18":{"start":{"line":40,"column":13},"end":{"line":40,"column":25}},"19":{"start":{"line":56,"column":25},"end":{"line":85,"column":1}},"20":{"start":{"line":60,"column":2},"end":{"line":84,"column":3}},"21":{"start":{"line":61,"column":18},"end":{"line":61,"column":53}},"22":{"start":{"line":62,"column":4},"end":{"line":65,"column":5}},"23":{"start":{"line":63,"column":6},"end":{"line":63,"column":57}},"24":{"start":{"line":64,"column":6},"end":{"line":64,"column":13}},"25":{"start":{"line":67,"column":4},"end":{"line":70,"column":5}},"26":{"start":{"line":68,"column":6},"end":{"line":68,"column":54}},"27":{"start":{"line":69,"column":6},"end":{"line":69,"column":13}},"28":{"start":{"line":72,"column":4},"end":{"line":78,"column":5}},"29":{"start":{"line":73,"column":6},"end":{"line":75,"column":8}},"30":{"start":{"line":74,"column":20},"end":{"line":74,"column":null}},"31":{"start":{"line":77,"column":6},"end":{"line":77,"column":36}},"32":{"start":{"line":80,"column":4},"end":{"line":80,"column":23}},"33":{"start":{"line":81,"column":4},"end":{"line":81,"column":20}},"34":{"start":{"line":83,"column":4},"end":{"line":83,"column":61}},"35":{"start":{"line":56,"column":13},"end":{"line":56,"column":25}},"36":{"start":{"line":87,"column":27},"end":{"line":113,"column":1}},"37":{"start":{"line":91,"column":2},"end":{"line":112,"column":3}},"38":{"start":{"line":92,"column":18},"end":{"line":92,"column":53}},"39":{"start":{"line":93,"column":4},"end":{"line":96,"column":5}},"40":{"start":{"line":94,"column":6},"end":{"line":94,"column":57}},"41":{"start":{"line":95,"column":6},"end":{"line":95,"column":13}},"42":{"start":{"line":98,"column":4},"end":{"line":101,"column":5}},"43":{"start":{"line":99,"column":6},"end":{"line":99,"column":54}},"44":{"start":{"line":100,"column":6},"end":{"line":100,"column":13}},"45":{"start":{"line":103,"column":4},"end":{"line":106,"column":5}},"46":{"start":{"line":104,"column":6},"end":{"line":104,"column":77}},"47":{"start":{"line":105,"column":6},"end":{"line":105,"column":13}},"48":{"start":{"line":108,"column":4},"end":{"line":108,"column":28}},"49":{"start":{"line":109,"column":4},"end":{"line":109,"column":56}},"50":{"start":{"line":111,"column":4},"end":{"line":111,"column":61}},"51":{"start":{"line":87,"column":13},"end":{"line":87,"column":27}}},"fnMap":{"0":{"name":"(anonymous_1)","decl":{"start":{"line":13,"column":27},"end":{"line":13,"column":32}},"loc":{"start":{"line":16,"column":19},"end":{"line":37,"column":1}}},"1":{"name":"(anonymous_2)","decl":{"start":{"line":40,"column":25},"end":{"line":40,"column":30}},"loc":{"start":{"line":43,"column":19},"end":{"line":54,"column":1}}},"2":{"name":"(anonymous_3)","decl":{"start":{"line":56,"column":25},"end":{"line":56,"column":30}},"loc":{"start":{"line":59,"column":19},"end":{"line":85,"column":1}}},"3":{"name":"(anonymous_4)","decl":{"start":{"line":74,"column":8},"end":{"line":74,"column":9}},"loc":{"start":{"line":74,"column":19},"end":{"line":74,"column":null}}},"4":{"name":"(anonymous_5)","decl":{"start":{"line":87,"column":27},"end":{"line":87,"column":32}},"loc":{"start":{"line":90,"column":19},"end":{"line":113,"column":1}}}},"branchMap":{"0":{"loc":{"start":{"line":18,"column":4},"end":{"line":21,"column":5}},"type":"if","locations":[{"start":{"line":18,"column":4},"end":{"line":21,"column":5}}]},"1":{"loc":{"start":{"line":23,"column":4},"end":{"line":26,"column":5}},"type":"if","locations":[{"start":{"line":23,"column":4},"end":{"line":26,"column":5}}]},"2":{"loc":{"start":{"line":23,"column":8},"end":{"line":23,"column":59}},"type":"binary-expr","locations":[{"start":{"line":23,"column":8},"end":{"line":23,"column":25}},{"start":{"line":23,"column":29},"end":{"line":23,"column":59}}]},"3":{"loc":{"start":{"line":51,"column":13},"end":{"line":51,"column":77}},"type":"cond-expr","locations":[{"start":{"line":51,"column":38},"end":{"line":51,"column":51}},{"start":{"line":51,"column":54},"end":{"line":51,"column":77}}]},"4":{"loc":{"start":{"line":62,"column":4},"end":{"line":65,"column":5}},"type":"if","locations":[{"start":{"line":62,"column":4},"end":{"line":65,"column":5}}]},"5":{"loc":{"start":{"line":67,"column":4},"end":{"line":70,"column":5}},"type":"if","locations":[{"start":{"line":67,"column":4},"end":{"line":70,"column":5}}]},"6":{"loc":{"start":{"line":72,"column":4},"end":{"line":78,"column":5}},"type":"if","locations":[{"start":{"line":72,"column":4},"end":{"line":78,"column":5}},{"start":{"line":76,"column":11},"end":{"line":78,"column":5}}]},"7":{"loc":{"start":{"line":74,"column":42},"end":{"line":74,"column":54}},"type":"cond-expr","locations":[{"start":{"line":74,"column":50},"end":{"line":74,"column":52}},{"start":{"line":74,"column":50},"end":{"line":74,"column":54}}]},"8":{"loc":{"start":{"line":74,"column":42},"end":{"line":74,"column":52}},"type":"binary-expr","locations":[{"start":{"line":74,"column":42},"end":{"line":74,"column":52}},{"start":{"line":74,"column":50},"end":{"line":74,"column":52}}]},"9":{"loc":{"start":{"line":93,"column":4},"end":{"line":96,"column":5}},"type":"if","locations":[{"start":{"line":93,"column":4},"end":{"line":96,"column":5}}]},"10":{"loc":{"start":{"line":98,"column":4},"end":{"line":101,"column":5}},"type":"if","locations":[{"start":{"line":98,"column":4},"end":{"line":101,"column":5}}]},"11":{"loc":{"start":{"line":103,"column":4},"end":{"line":106,"column":5}},"type":"if","locations":[{"start":{"line":103,"column":4},"end":{"line":106,"column":5}}]}},"s":{"0":4,"1":4,"2":0,"3":0,"4":0,"5":0,"6":0,"7":0,"8":0,"9":0,"10":0,"11":0,"12":4,"13":4,"14":0,"15":0,"16":0,"17":0,"18":4,"19":4,"20":0,"21":0,"22":0,"23":0,"24":0,"25":0,"26":0,"27":0,"28":0,"29":0,"30":0,"31":0,"32":0,"33":0,"34":0,"35":4,"36":4,"37":0,"38":0,"39":0,"40":0,"41":0,"42":0,"43":0,"44":0,"45":0,"46":0,"47":0,"48":0,"49":0,"50":0,"51":4},"f":{"0":0,"1":0,"2":0,"3":0,"4":0},"b":{"0":[0],"1":[0],"2":[0,0],"3":[0,0],"4":[0],"5":[0],"6":[0,0],"7":[0,0],"8":[0,0],"9":[0],"10":[0],"11":[0]}}
,"/Users/chenley/Documents/Study/open-source/snap-tweet-be/src/middleware/authMiddleware.ts": {"path":"/Users/chenley/Documents/Study/open-source/snap-tweet-be/src/middleware/authMiddleware.ts","statementMap":{"0":{"start":{"line":2,"column":0},"end":{"line":2,"column":31}},"1":{"start":{"line":17,"column":30},"end":{"line":40,"column":1}},"2":{"start":{"line":22,"column":21},"end":{"line":22,"column":46}},"3":{"start":{"line":24,"column":2},"end":{"line":27,"column":3}},"4":{"start":{"line":25,"column":4},"end":{"line":25,"column":52}},"5":{"start":{"line":26,"column":4},"end":{"line":26,"column":11}},"6":{"start":{"line":29,"column":16},"end":{"line":29,"column":40}},"7":{"start":{"line":30,"column":2},"end":{"line":39,"column":3}},"8":{"start":{"line":31,"column":20},"end":{"line":33,"column":null}},"9":{"start":{"line":35,"column":4},"end":{"line":35,"column":23}},"10":{"start":{"line":36,"column":4},"end":{"line":36,"column":11}},"11":{"start":{"line":38,"column":4},"end":{"line":38,"column":52}},"12":{"start":{"line":17,"column":13},"end":{"line":17,"column":30}}},"fnMap":{"0":{"name":"(anonymous_1)","decl":{"start":{"line":17,"column":30},"end":{"line":17,"column":null}},"loc":{"start":{"line":21,"column":10},"end":{"line":40,"column":1}}}},"branchMap":{"0":{"loc":{"start":{"line":24,"column":2},"end":{"line":27,"column":3}},"type":"if","locations":[{"start":{"line":24,"column":2},"end":{"line":27,"column":3}}]},"1":{"loc":{"start":{"line":24,"column":6},"end":{"line":24,"column":54}},"type":"binary-expr","locations":[{"start":{"line":24,"column":6},"end":{"line":24,"column":17}},{"start":{"line":24,"column":21},"end":{"line":24,"column":54}}]},"2":{"loc":{"start":{"line":33,"column":6},"end":{"line":33,"column":34}},"type":"binary-expr","locations":[{"start":{"line":33,"column":6},"end":{"line":33,"column":28}},{"start":{"line":33,"column":32},"end":{"line":33,"column":34}}]}},"s":{"0":3,"1":3,"2":0,"3":0,"4":0,"5":0,"6":0,"7":0,"8":0,"9":0,"10":0,"11":0,"12":3},"f":{"0":0},"b":{"0":[0],"1":[0,0],"2":[0,0]}}
,"/Users/chenley/Documents/Study/open-source/snap-tweet-be/src/models/Tweet.ts": {"path":"/Users/chenley/Documents/Study/open-source/snap-tweet-be/src/models/Tweet.ts","statementMap":{"0":{"start":{"line":1,"column":0},"end":{"line":1,"column":54}},"1":{"start":{"line":11,"column":20},"end":{"line":16,"column":2}},"2":{"start":{"line":18,"column":14},"end":{"line":18,"column":58}},"3":{"start":{"line":20,"column":0},"end":{"line":20,"column":21}}},"fnMap":{},"branchMap":{},"s":{"0":4,"1":4,"2":4,"3":4},"f":{},"b":{}}
,"/Users/chenley/Documents/Study/open-source/snap-tweet-be/src/models/User.ts": {"path":"/Users/chenley/Documents/Study/open-source/snap-tweet-be/src/models/User.ts","statementMap":{"0":{"start":{"line":1,"column":0},"end":{"line":1,"column":30}},"1":{"start":{"line":2,"column":0},"end":{"line":2,"column":46}},"2":{"start":{"line":11,"column":19},"end":{"line":15,"column":2}},"3":{"start":{"line":18,"column":0},"end":{"line":22,"column":2}},"4":{"start":{"line":21,"column":2},"end":{"line":21,"column":58}},"5":{"start":{"line":24,"column":13},"end":{"line":24,"column":54}},"6":{"start":{"line":26,"column":0},"end":{"line":26,"column":20}}},"fnMap":{"0":{"name":"(anonymous_1)","decl":{"start":{"line":18,"column":37},"end":{"line":18,"column":42}},"loc":{"start":{"line":19,"column":27},"end":{"line":22,"column":1}}}},"branchMap":{},"s":{"0":3,"1":3,"2":3,"3":3,"4":0,"5":3,"6":3},"f":{"0":0},"b":{}}
,"/Users/chenley/Documents/Study/open-source/snap-tweet-be/src/routes/authRoutes.ts": {"path":"/Users/chenley/Documents/Study/open-source/snap-tweet-be/src/routes/authRoutes.ts","statementMap":{"0":{"start":{"line":1,"column":0},"end":{"line":1,"column":42}},"1":{"start":{"line":2,"column":0},"end":{"line":2,"column":78}},"2":{"start":{"line":3,"column":0},"end":{"line":3,"column":62}},"3":{"start":{"line":5,"column":23},"end":{"line":5,"column":39}},"4":{"start":{"line":7,"column":0},"end":{"line":7,"column":31}},"5":{"start":{"line":8,"column":0},"end":{"line":8,"column":29}},"6":{"start":{"line":9,"column":0},"end":{"line":9,"column":50}},"7":{"start":{"line":11,"column":0},"end":{"line":11,"column":22}}},"fnMap":{},"branchMap":{},"s":{"0":3,"1":3,"2":3,"3":3,"4":3,"5":3,"6":3,"7":3},"f":{},"b":{}}
,"/Users/chenley/Documents/Study/open-source/snap-tweet-be/src/routes/tweetRoutes.ts": {"path":"/Users/chenley/Documents/Study/open-source/snap-tweet-be/src/routes/tweetRoutes.ts","statementMap":{"0":{"start":{"line":1,"column":0},"end":{"line":1,"column":42}},"1":{"start":{"line":2,"column":0},"end":{"line":2,"column":null}},"2":{"start":{"line":8,"column":0},"end":{"line":8,"column":62}},"3":{"start":{"line":10,"column":23},"end":{"line":10,"column":39}},"4":{"start":{"line":12,"column":0},"end":{"line":12,"column":52}},"5":{"start":{"line":13,"column":0},"end":{"line":13,"column":33}},"6":{"start":{"line":14,"column":0},"end":{"line":18,"column":2}},"7":{"start":{"line":19,"column":0},"end":{"line":23,"column":2}},"8":{"start":{"line":25,"column":0},"end":{"line":25,"column":22}}},"fnMap":{},"branchMap":{},"s":{"0":3,"1":3,"2":3,"3":3,"4":3,"5":3,"6":3,"7":3,"8":3},"f":{},"b":{}}
}
