TN:
SF:src/config/db.ts
FN:20,dbConnect
FN:28,(anonymous_2)
FNF:2
FNH:2
FNDA:3,dbConnect
FNDA:1,(anonymous_2)
DA:1,4
DA:3,4
DA:4,4
DA:10,4
DA:11,0
DA:14,4
DA:16,4
DA:17,4
DA:21,3
DA:23,3
DA:24,3
DA:28,1
DA:31,3
DA:32,1
DA:35,4
LF:15
LH:14
BRDA:3,0,0,4
BRDA:3,0,1,0
BRDA:10,1,0,0
BRDA:16,2,0,4
BRDA:21,3,0,0
BRDA:23,4,0,3
BRF:6
BRH:3
end_of_record
TN:
SF:src/config/testDB.ts
FN:6,(anonymous_1)
FN:30,(anonymous_2)
FNF:2
FNH:2
FNDA:1,(anonymous_1)
FNDA:1,(anonymous_2)
DA:1,1
DA:2,1
DA:6,1
DA:7,1
DA:9,1
DA:11,1
DA:12,1
DA:15,1
DA:17,1
DA:18,0
DA:22,0
DA:25,0
DA:26,0
DA:30,1
DA:31,1
DA:32,1
DA:33,1
DA:34,1
DA:35,1
DA:36,1
DA:39,0
DA:40,0
LF:22
LH:16
BRDA:11,0,0,1
BRDA:17,1,0,0
BRDA:32,2,0,1
BRF:3
BRH:2
end_of_record
TN:
SF:src/controllers/authController.ts
FN:25,(anonymous_1)
FN:34,(anonymous_2)
FN:64,(anonymous_3)
FN:92,(anonymous_4)
FNF:4
FNH:0
FNDA:0,(anonymous_1)
FNDA:0,(anonymous_2)
FNDA:0,(anonymous_3)
FNDA:0,(anonymous_4)
DA:1,3
DA:3,3
DA:4,3
DA:25,3
DA:26,0
DA:34,3
DA:38,0
DA:39,0
DA:42,0
DA:43,0
DA:44,0
DA:45,0
DA:49,0
DA:50,0
DA:56,0
DA:57,0
DA:59,0
DA:64,3
DA:68,0
DA:69,0
DA:71,0
DA:73,0
DA:74,0
DA:75,0
DA:78,0
DA:79,0
DA:80,0
DA:81,0
DA:84,0
DA:85,0
DA:87,0
DA:92,3
DA:96,0
DA:97,0
DA:98,0
DA:99,0
DA:100,0
DA:102,0
DA:104,0
LF:39
LH:7
BRDA:28,0,0,0
BRDA:28,0,1,0
BRDA:43,1,0,0
BRDA:73,2,0,0
BRDA:79,3,0,0
BRDA:97,4,0,0
BRDA:97,4,1,0
BRDA:97,5,0,0
BRDA:97,5,1,0
BRDA:98,6,0,0
BRF:10
BRH:0
end_of_record
TN:
SF:src/controllers/tweetController.ts
FN:13,(anonymous_1)
FN:40,(anonymous_2)
FN:56,(anonymous_3)
FN:74,(anonymous_4)
FN:87,(anonymous_5)
FNF:5
FNH:0
FNDA:0,(anonymous_1)
FNDA:0,(anonymous_2)
FNDA:0,(anonymous_3)
FNDA:0,(anonymous_4)
FNDA:0,(anonymous_5)
DA:2,4
DA:13,4
DA:17,0
DA:18,0
DA:19,0
DA:20,0
DA:23,0
DA:24,0
DA:25,0
DA:28,0
DA:33,0
DA:35,0
DA:40,4
DA:44,0
DA:45,0
DA:48,0
DA:50,0
DA:56,4
DA:60,0
DA:61,0
DA:62,0
DA:63,0
DA:64,0
DA:67,0
DA:68,0
DA:69,0
DA:72,0
DA:73,0
DA:74,0
DA:77,0
DA:80,0
DA:81,0
DA:83,0
DA:87,4
DA:91,0
DA:92,0
DA:93,0
DA:94,0
DA:95,0
DA:98,0
DA:99,0
DA:100,0
DA:103,0
DA:104,0
DA:105,0
DA:108,0
DA:109,0
DA:111,0
LF:48
LH:5
BRDA:18,0,0,0
BRDA:23,1,0,0
BRDA:23,2,0,0
BRDA:23,2,1,0
BRDA:51,3,0,0
BRDA:51,3,1,0
BRDA:62,4,0,0
BRDA:67,5,0,0
BRDA:72,6,0,0
BRDA:72,6,1,0
BRDA:74,7,0,0
BRDA:74,7,1,0
BRDA:74,8,0,0
BRDA:74,8,1,0
BRDA:93,9,0,0
BRDA:98,10,0,0
BRDA:103,11,0,0
BRF:17
BRH:0
end_of_record
TN:
SF:src/middleware/authMiddleware.ts
FN:17,(anonymous_1)
FNF:1
FNH:0
FNDA:0,(anonymous_1)
DA:2,3
DA:17,3
DA:22,0
DA:24,0
DA:25,0
DA:26,0
DA:29,0
DA:30,0
DA:31,0
DA:35,0
DA:36,0
DA:38,0
LF:12
LH:2
BRDA:24,0,0,0
BRDA:24,1,0,0
BRDA:24,1,1,0
BRDA:33,2,0,0
BRDA:33,2,1,0
BRF:5
BRH:0
end_of_record
TN:
SF:src/models/Tweet.ts
FNF:0
FNH:0
DA:1,4
DA:11,4
DA:18,4
DA:20,4
LF:4
LH:4
BRF:0
BRH:0
end_of_record
TN:
SF:src/models/User.ts
FN:18,(anonymous_1)
FNF:1
FNH:0
FNDA:0,(anonymous_1)
DA:1,3
DA:2,3
DA:11,3
DA:18,3
DA:21,0
DA:24,3
DA:26,3
LF:7
LH:6
BRF:0
BRH:0
end_of_record
TN:
SF:src/routes/authRoutes.ts
FNF:0
FNH:0
DA:1,3
DA:2,3
DA:3,3
DA:5,3
DA:7,3
DA:8,3
DA:9,3
DA:11,3
LF:8
LH:8
BRF:0
BRH:0
end_of_record
TN:
SF:src/routes/tweetRoutes.ts
FNF:0
FNH:0
DA:1,3
DA:2,3
DA:8,3
DA:10,3
DA:12,3
DA:13,3
DA:14,3
DA:19,3
DA:25,3
LF:9
LH:9
BRF:0
BRH:0
end_of_record
